<?xml version="1.0" encoding="UTF-8"?>
<testsuite xmlns:xsi="http://www.w3.org/2001/XMLSchema-instance" xsi:noNamespaceSchemaLocation="https://maven.apache.org/surefire/maven-surefire-plugin/xsd/surefire-test-report.xsd" version="3.0.2" name="com.jphscdeveloper.cursospring.CursospringApplicationTests" time="3.108" tests="1" errors="0" skipped="0" failures="0">
  <properties>
    <property name="java.specification.version" value="21"/>
    <property name="sun.jnu.encoding" value="UTF-8"/>
    <property name="java.class.path" value="/Users/rafaelcosta/development/java/cursospring 2/target/test-classes:/Users/rafaelcosta/development/java/cursospring 2/target/classes:/Users/rafaelcosta/.m2/repository/org/springframework/boot/spring-boot-starter-data-jpa/3.4.0/spring-boot-starter-data-jpa-3.4.0.jar:/Users/rafaelcosta/.m2/repository/org/springframework/boot/spring-boot-starter/3.4.0/spring-boot-starter-3.4.0.jar:/Users/rafaelcosta/.m2/repository/org/springframework/boot/spring-boot/3.4.0/spring-boot-3.4.0.jar:/Users/rafaelcosta/.m2/repository/org/springframework/boot/spring-boot-autoconfigure/3.4.0/spring-boot-autoconfigure-3.4.0.jar:/Users/rafaelcosta/.m2/repository/org/springframework/boot/spring-boot-starter-logging/3.4.0/spring-boot-starter-logging-3.4.0.jar:/Users/rafaelcosta/.m2/repository/ch/qos/logback/logback-classic/1.5.12/logback-classic-1.5.12.jar:/Users/rafaelcosta/.m2/repository/ch/qos/logback/logback-core/1.5.12/logback-core-1.5.12.jar:/Users/rafaelcosta/.m2/repository/org/apache/logging/log4j/log4j-to-slf4j/2.24.1/log4j-to-slf4j-2.24.1.jar:/Users/rafaelcosta/.m2/repository/org/apache/logging/log4j/log4j-api/2.24.1/log4j-api-2.24.1.jar:/Users/rafaelcosta/.m2/repository/org/slf4j/jul-to-slf4j/2.0.16/jul-to-slf4j-2.0.16.jar:/Users/rafaelcosta/.m2/repository/jakarta/annotation/jakarta.annotation-api/2.1.1/jakarta.annotation-api-2.1.1.jar:/Users/rafaelcosta/.m2/repository/org/yaml/snakeyaml/2.3/snakeyaml-2.3.jar:/Users/rafaelcosta/.m2/repository/org/springframework/boot/spring-boot-starter-jdbc/3.4.0/spring-boot-starter-jdbc-3.4.0.jar:/Users/rafaelcosta/.m2/repository/com/zaxxer/HikariCP/5.1.0/HikariCP-5.1.0.jar:/Users/rafaelcosta/.m2/repository/org/springframework/spring-jdbc/6.2.0/spring-jdbc-6.2.0.jar:/Users/rafaelcosta/.m2/repository/org/hibernate/orm/hibernate-core/6.6.2.Final/hibernate-core-6.6.2.Final.jar:/Users/rafaelcosta/.m2/repository/jakarta/persistence/jakarta.persistence-api/3.1.0/jakarta.persistence-api-3.1.0.jar:/Users/rafaelcosta/.m2/repository/jakarta/transaction/jakarta.transaction-api/2.0.1/jakarta.transaction-api-2.0.1.jar:/Users/rafaelcosta/.m2/repository/org/jboss/logging/jboss-logging/3.6.1.Final/jboss-logging-3.6.1.Final.jar:/Users/rafaelcosta/.m2/repository/org/hibernate/common/hibernate-commons-annotations/7.0.3.Final/hibernate-commons-annotations-7.0.3.Final.jar:/Users/rafaelcosta/.m2/repository/io/smallrye/jandex/3.2.0/jandex-3.2.0.jar:/Users/rafaelcosta/.m2/repository/com/fasterxml/classmate/1.7.0/classmate-1.7.0.jar:/Users/rafaelcosta/.m2/repository/net/bytebuddy/byte-buddy/1.15.10/byte-buddy-1.15.10.jar:/Users/rafaelcosta/.m2/repository/org/glassfish/jaxb/jaxb-runtime/4.0.5/jaxb-runtime-4.0.5.jar:/Users/rafaelcosta/.m2/repository/org/glassfish/jaxb/jaxb-core/4.0.5/jaxb-core-4.0.5.jar:/Users/rafaelcosta/.m2/repository/org/eclipse/angus/angus-activation/2.0.2/angus-activation-2.0.2.jar:/Users/rafaelcosta/.m2/repository/org/glassfish/jaxb/txw2/4.0.5/txw2-4.0.5.jar:/Users/rafaelcosta/.m2/repository/com/sun/istack/istack-commons-runtime/4.1.2/istack-commons-runtime-4.1.2.jar:/Users/rafaelcosta/.m2/repository/jakarta/inject/jakarta.inject-api/2.0.1/jakarta.inject-api-2.0.1.jar:/Users/rafaelcosta/.m2/repository/org/antlr/antlr4-runtime/4.13.0/antlr4-runtime-4.13.0.jar:/Users/rafaelcosta/.m2/repository/org/springframework/data/spring-data-jpa/3.4.0/spring-data-jpa-3.4.0.jar:/Users/rafaelcosta/.m2/repository/org/springframework/data/spring-data-commons/3.4.0/spring-data-commons-3.4.0.jar:/Users/rafaelcosta/.m2/repository/org/springframework/spring-orm/6.2.0/spring-orm-6.2.0.jar:/Users/rafaelcosta/.m2/repository/org/springframework/spring-context/6.2.0/spring-context-6.2.0.jar:/Users/rafaelcosta/.m2/repository/org/springframework/spring-aop/6.2.0/spring-aop-6.2.0.jar:/Users/rafaelcosta/.m2/repository/org/springframework/spring-tx/6.2.0/spring-tx-6.2.0.jar:/Users/rafaelcosta/.m2/repository/org/springframework/spring-beans/6.2.0/spring-beans-6.2.0.jar:/Users/rafaelcosta/.m2/repository/org/slf4j/slf4j-api/2.0.16/slf4j-api-2.0.16.jar:/Users/rafaelcosta/.m2/repository/org/springframework/spring-aspects/6.2.0/spring-aspects-6.2.0.jar:/Users/rafaelcosta/.m2/repository/org/aspectj/aspectjweaver/1.9.22.1/aspectjweaver-1.9.22.1.jar:/Users/rafaelcosta/.m2/repository/org/springframework/boot/spring-boot-starter-web/3.4.0/spring-boot-starter-web-3.4.0.jar:/Users/rafaelcosta/.m2/repository/org/springframework/boot/spring-boot-starter-json/3.4.0/spring-boot-starter-json-3.4.0.jar:/Users/rafaelcosta/.m2/repository/com/fasterxml/jackson/core/jackson-databind/2.18.1/jackson-databind-2.18.1.jar:/Users/rafaelcosta/.m2/repository/com/fasterxml/jackson/core/jackson-annotations/2.18.1/jackson-annotations-2.18.1.jar:/Users/rafaelcosta/.m2/repository/com/fasterxml/jackson/core/jackson-core/2.18.1/jackson-core-2.18.1.jar:/Users/rafaelcosta/.m2/repository/com/fasterxml/jackson/datatype/jackson-datatype-jdk8/2.18.1/jackson-datatype-jdk8-2.18.1.jar:/Users/rafaelcosta/.m2/repository/com/fasterxml/jackson/datatype/jackson-datatype-jsr310/2.18.1/jackson-datatype-jsr310-2.18.1.jar:/Users/rafaelcosta/.m2/repository/com/fasterxml/jackson/module/jackson-module-parameter-names/2.18.1/jackson-module-parameter-names-2.18.1.jar:/Users/rafaelcosta/.m2/repository/org/springframework/boot/spring-boot-starter-tomcat/3.4.0/spring-boot-starter-tomcat-3.4.0.jar:/Users/rafaelcosta/.m2/repository/org/apache/tomcat/embed/tomcat-embed-core/10.1.33/tomcat-embed-core-10.1.33.jar:/Users/rafaelcosta/.m2/repository/org/apache/tomcat/embed/tomcat-embed-el/10.1.33/tomcat-embed-el-10.1.33.jar:/Users/rafaelcosta/.m2/repository/org/apache/tomcat/embed/tomcat-embed-websocket/10.1.33/tomcat-embed-websocket-10.1.33.jar:/Users/rafaelcosta/.m2/repository/org/springframework/spring-web/6.2.0/spring-web-6.2.0.jar:/Users/rafaelcosta/.m2/repository/io/micrometer/micrometer-observation/1.14.1/micrometer-observation-1.14.1.jar:/Users/rafaelcosta/.m2/repository/io/micrometer/micrometer-commons/1.14.1/micrometer-commons-1.14.1.jar:/Users/rafaelcosta/.m2/repository/org/springframework/spring-webmvc/6.2.0/spring-webmvc-6.2.0.jar:/Users/rafaelcosta/.m2/repository/org/springframework/spring-expression/6.2.0/spring-expression-6.2.0.jar:/Users/rafaelcosta/.m2/repository/com/h2database/h2/2.3.232/h2-2.3.232.jar:/Users/rafaelcosta/.m2/repository/org/springframework/boot/spring-boot-starter-test/3.4.0/spring-boot-starter-test-3.4.0.jar:/Users/rafaelcosta/.m2/repository/org/springframework/boot/spring-boot-test/3.4.0/spring-boot-test-3.4.0.jar:/Users/rafaelcosta/.m2/repository/org/springframework/boot/spring-boot-test-autoconfigure/3.4.0/spring-boot-test-autoconfigure-3.4.0.jar:/Users/rafaelcosta/.m2/repository/com/jayway/jsonpath/json-path/2.9.0/json-path-2.9.0.jar:/Users/rafaelcosta/.m2/repository/jakarta/xml/bind/jakarta.xml.bind-api/4.0.2/jakarta.xml.bind-api-4.0.2.jar:/Users/rafaelcosta/.m2/repository/jakarta/activation/jakarta.activation-api/2.1.3/jakarta.activation-api-2.1.3.jar:/Users/rafaelcosta/.m2/repository/net/minidev/json-smart/2.5.1/json-smart-2.5.1.jar:/Users/rafaelcosta/.m2/repository/net/minidev/accessors-smart/2.5.1/accessors-smart-2.5.1.jar:/Users/rafaelcosta/.m2/repository/org/ow2/asm/asm/9.6/asm-9.6.jar:/Users/rafaelcosta/.m2/repository/org/assertj/assertj-core/3.26.3/assertj-core-3.26.3.jar:/Users/rafaelcosta/.m2/repository/org/awaitility/awaitility/4.2.2/awaitility-4.2.2.jar:/Users/rafaelcosta/.m2/repository/org/hamcrest/hamcrest/2.2/hamcrest-2.2.jar:/Users/rafaelcosta/.m2/repository/org/junit/jupiter/junit-jupiter/5.11.3/junit-jupiter-5.11.3.jar:/Users/rafaelcosta/.m2/repository/org/junit/jupiter/junit-jupiter-api/5.11.3/junit-jupiter-api-5.11.3.jar:/Users/rafaelcosta/.m2/repository/org/opentest4j/opentest4j/1.3.0/opentest4j-1.3.0.jar:/Users/rafaelcosta/.m2/repository/org/junit/platform/junit-platform-commons/1.11.3/junit-platform-commons-1.11.3.jar:/Users/rafaelcosta/.m2/repository/org/apiguardian/apiguardian-api/1.1.2/apiguardian-api-1.1.2.jar:/Users/rafaelcosta/.m2/repository/org/junit/jupiter/junit-jupiter-params/5.11.3/junit-jupiter-params-5.11.3.jar:/Users/rafaelcosta/.m2/repository/org/junit/jupiter/junit-jupiter-engine/5.11.3/junit-jupiter-engine-5.11.3.jar:/Users/rafaelcosta/.m2/repository/org/junit/platform/junit-platform-engine/1.11.3/junit-platform-engine-1.11.3.jar:/Users/rafaelcosta/.m2/repository/org/mockito/mockito-core/5.14.2/mockito-core-5.14.2.jar:/Users/rafaelcosta/.m2/repository/net/bytebuddy/byte-buddy-agent/1.15.10/byte-buddy-agent-1.15.10.jar:/Users/rafaelcosta/.m2/repository/org/objenesis/objenesis/3.3/objenesis-3.3.jar:/Users/rafaelcosta/.m2/repository/org/mockito/mockito-junit-jupiter/5.14.2/mockito-junit-jupiter-5.14.2.jar:/Users/rafaelcosta/.m2/repository/org/skyscreamer/jsonassert/1.5.3/jsonassert-1.5.3.jar:/Users/rafaelcosta/.m2/repository/com/vaadin/external/google/android-json/0.0.20131108.vaadin1/android-json-0.0.20131108.vaadin1.jar:/Users/rafaelcosta/.m2/repository/org/springframework/spring-core/6.2.0/spring-core-6.2.0.jar:/Users/rafaelcosta/.m2/repository/org/springframework/spring-jcl/6.2.0/spring-jcl-6.2.0.jar:/Users/rafaelcosta/.m2/repository/org/springframework/spring-test/6.2.0/spring-test-6.2.0.jar:/Users/rafaelcosta/.m2/repository/org/xmlunit/xmlunit-core/2.10.0/xmlunit-core-2.10.0.jar:"/>
    <property name="java.vm.vendor" value="Oracle Corporation"/>
    <property name="sun.arch.data.model" value="64"/>
    <property name="java.vendor.url" value="https://java.oracle.com/"/>
    <property name="user.timezone" value="America/Sao_Paulo"/>
    <property name="org.jboss.logging.provider" value="slf4j"/>
    <property name="os.name" value="Mac OS X"/>
    <property name="java.vm.specification.version" value="21"/>
    <property name="sun.java.launcher" value="SUN_STANDARD"/>
    <property name="user.country" value="BR"/>
    <property name="sun.boot.library.path" value="/Library/Java/JavaVirtualMachines/jdk-21.jdk/Contents/Home/lib"/>
    <property name="sun.java.command" value="/Users/rafaelcosta/development/java/cursospring 2/target/surefire/surefirebooter-20241202133923981_3.jar /Users/rafaelcosta/development/java/cursospring 2/target/surefire 2024-12-02T13-39-23_721-jvmRun1 surefire-20241202133923981_1tmp surefire_0-20241202133923981_2tmp"/>
    <property name="http.nonProxyHosts" value="local|*.local|169.254/16|*.169.254/16"/>
    <property name="jdk.debug" value="release"/>
    <property name="surefire.test.class.path" value="/Users/rafaelcosta/development/java/cursospring 2/target/test-classes:/Users/rafaelcosta/development/java/cursospring 2/target/classes:/Users/rafaelcosta/.m2/repository/org/springframework/boot/spring-boot-starter-data-jpa/3.4.0/spring-boot-starter-data-jpa-3.4.0.jar:/Users/rafaelcosta/.m2/repository/org/springframework/boot/spring-boot-starter/3.4.0/spring-boot-starter-3.4.0.jar:/Users/rafaelcosta/.m2/repository/org/springframework/boot/spring-boot/3.4.0/spring-boot-3.4.0.jar:/Users/rafaelcosta/.m2/repository/org/springframework/boot/spring-boot-autoconfigure/3.4.0/spring-boot-autoconfigure-3.4.0.jar:/Users/rafaelcosta/.m2/repository/org/springframework/boot/spring-boot-starter-logging/3.4.0/spring-boot-starter-logging-3.4.0.jar:/Users/rafaelcosta/.m2/repository/ch/qos/logback/logback-classic/1.5.12/logback-classic-1.5.12.jar:/Users/rafaelcosta/.m2/repository/ch/qos/logback/logback-core/1.5.12/logback-core-1.5.12.jar:/Users/rafaelcosta/.m2/repository/org/apache/logging/log4j/log4j-to-slf4j/2.24.1/log4j-to-slf4j-2.24.1.jar:/Users/rafaelcosta/.m2/repository/org/apache/logging/log4j/log4j-api/2.24.1/log4j-api-2.24.1.jar:/Users/rafaelcosta/.m2/repository/org/slf4j/jul-to-slf4j/2.0.16/jul-to-slf4j-2.0.16.jar:/Users/rafaelcosta/.m2/repository/jakarta/annotation/jakarta.annotation-api/2.1.1/jakarta.annotation-api-2.1.1.jar:/Users/rafaelcosta/.m2/repository/org/yaml/snakeyaml/2.3/snakeyaml-2.3.jar:/Users/rafaelcosta/.m2/repository/org/springframework/boot/spring-boot-starter-jdbc/3.4.0/spring-boot-starter-jdbc-3.4.0.jar:/Users/rafaelcosta/.m2/repository/com/zaxxer/HikariCP/5.1.0/HikariCP-5.1.0.jar:/Users/rafaelcosta/.m2/repository/org/springframework/spring-jdbc/6.2.0/spring-jdbc-6.2.0.jar:/Users/rafaelcosta/.m2/repository/org/hibernate/orm/hibernate-core/6.6.2.Final/hibernate-core-6.6.2.Final.jar:/Users/rafaelcosta/.m2/repository/jakarta/persistence/jakarta.persistence-api/3.1.0/jakarta.persistence-api-3.1.0.jar:/Users/rafaelcosta/.m2/repository/jakarta/transaction/jakarta.transaction-api/2.0.1/jakarta.transaction-api-2.0.1.jar:/Users/rafaelcosta/.m2/repository/org/jboss/logging/jboss-logging/3.6.1.Final/jboss-logging-3.6.1.Final.jar:/Users/rafaelcosta/.m2/repository/org/hibernate/common/hibernate-commons-annotations/7.0.3.Final/hibernate-commons-annotations-7.0.3.Final.jar:/Users/rafaelcosta/.m2/repository/io/smallrye/jandex/3.2.0/jandex-3.2.0.jar:/Users/rafaelcosta/.m2/repository/com/fasterxml/classmate/1.7.0/classmate-1.7.0.jar:/Users/rafaelcosta/.m2/repository/net/bytebuddy/byte-buddy/1.15.10/byte-buddy-1.15.10.jar:/Users/rafaelcosta/.m2/repository/org/glassfish/jaxb/jaxb-runtime/4.0.5/jaxb-runtime-4.0.5.jar:/Users/rafaelcosta/.m2/repository/org/glassfish/jaxb/jaxb-core/4.0.5/jaxb-core-4.0.5.jar:/Users/rafaelcosta/.m2/repository/org/eclipse/angus/angus-activation/2.0.2/angus-activation-2.0.2.jar:/Users/rafaelcosta/.m2/repository/org/glassfish/jaxb/txw2/4.0.5/txw2-4.0.5.jar:/Users/rafaelcosta/.m2/repository/com/sun/istack/istack-commons-runtime/4.1.2/istack-commons-runtime-4.1.2.jar:/Users/rafaelcosta/.m2/repository/jakarta/inject/jakarta.inject-api/2.0.1/jakarta.inject-api-2.0.1.jar:/Users/rafaelcosta/.m2/repository/org/antlr/antlr4-runtime/4.13.0/antlr4-runtime-4.13.0.jar:/Users/rafaelcosta/.m2/repository/org/springframework/data/spring-data-jpa/3.4.0/spring-data-jpa-3.4.0.jar:/Users/rafaelcosta/.m2/repository/org/springframework/data/spring-data-commons/3.4.0/spring-data-commons-3.4.0.jar:/Users/rafaelcosta/.m2/repository/org/springframework/spring-orm/6.2.0/spring-orm-6.2.0.jar:/Users/rafaelcosta/.m2/repository/org/springframework/spring-context/6.2.0/spring-context-6.2.0.jar:/Users/rafaelcosta/.m2/repository/org/springframework/spring-aop/6.2.0/spring-aop-6.2.0.jar:/Users/rafaelcosta/.m2/repository/org/springframework/spring-tx/6.2.0/spring-tx-6.2.0.jar:/Users/rafaelcosta/.m2/repository/org/springframework/spring-beans/6.2.0/spring-beans-6.2.0.jar:/Users/rafaelcosta/.m2/repository/org/slf4j/slf4j-api/2.0.16/slf4j-api-2.0.16.jar:/Users/rafaelcosta/.m2/repository/org/springframework/spring-aspects/6.2.0/spring-aspects-6.2.0.jar:/Users/rafaelcosta/.m2/repository/org/aspectj/aspectjweaver/1.9.22.1/aspectjweaver-1.9.22.1.jar:/Users/rafaelcosta/.m2/repository/org/springframework/boot/spring-boot-starter-web/3.4.0/spring-boot-starter-web-3.4.0.jar:/Users/rafaelcosta/.m2/repository/org/springframework/boot/spring-boot-starter-json/3.4.0/spring-boot-starter-json-3.4.0.jar:/Users/rafaelcosta/.m2/repository/com/fasterxml/jackson/core/jackson-databind/2.18.1/jackson-databind-2.18.1.jar:/Users/rafaelcosta/.m2/repository/com/fasterxml/jackson/core/jackson-annotations/2.18.1/jackson-annotations-2.18.1.jar:/Users/rafaelcosta/.m2/repository/com/fasterxml/jackson/core/jackson-core/2.18.1/jackson-core-2.18.1.jar:/Users/rafaelcosta/.m2/repository/com/fasterxml/jackson/datatype/jackson-datatype-jdk8/2.18.1/jackson-datatype-jdk8-2.18.1.jar:/Users/rafaelcosta/.m2/repository/com/fasterxml/jackson/datatype/jackson-datatype-jsr310/2.18.1/jackson-datatype-jsr310-2.18.1.jar:/Users/rafaelcosta/.m2/repository/com/fasterxml/jackson/module/jackson-module-parameter-names/2.18.1/jackson-module-parameter-names-2.18.1.jar:/Users/rafaelcosta/.m2/repository/org/springframework/boot/spring-boot-starter-tomcat/3.4.0/spring-boot-starter-tomcat-3.4.0.jar:/Users/rafaelcosta/.m2/repository/org/apache/tomcat/embed/tomcat-embed-core/10.1.33/tomcat-embed-core-10.1.33.jar:/Users/rafaelcosta/.m2/repository/org/apache/tomcat/embed/tomcat-embed-el/10.1.33/tomcat-embed-el-10.1.33.jar:/Users/rafaelcosta/.m2/repository/org/apache/tomcat/embed/tomcat-embed-websocket/10.1.33/tomcat-embed-websocket-10.1.33.jar:/Users/rafaelcosta/.m2/repository/org/springframework/spring-web/6.2.0/spring-web-6.2.0.jar:/Users/rafaelcosta/.m2/repository/io/micrometer/micrometer-observation/1.14.1/micrometer-observation-1.14.1.jar:/Users/rafaelcosta/.m2/repository/io/micrometer/micrometer-commons/1.14.1/micrometer-commons-1.14.1.jar:/Users/rafaelcosta/.m2/repository/org/springframework/spring-webmvc/6.2.0/spring-webmvc-6.2.0.jar:/Users/rafaelcosta/.m2/repository/org/springframework/spring-expression/6.2.0/spring-expression-6.2.0.jar:/Users/rafaelcosta/.m2/repository/com/h2database/h2/2.3.232/h2-2.3.232.jar:/Users/rafaelcosta/.m2/repository/org/springframework/boot/spring-boot-starter-test/3.4.0/spring-boot-starter-test-3.4.0.jar:/Users/rafaelcosta/.m2/repository/org/springframework/boot/spring-boot-test/3.4.0/spring-boot-test-3.4.0.jar:/Users/rafaelcosta/.m2/repository/org/springframework/boot/spring-boot-test-autoconfigure/3.4.0/spring-boot-test-autoconfigure-3.4.0.jar:/Users/rafaelcosta/.m2/repository/com/jayway/jsonpath/json-path/2.9.0/json-path-2.9.0.jar:/Users/rafaelcosta/.m2/repository/jakarta/xml/bind/jakarta.xml.bind-api/4.0.2/jakarta.xml.bind-api-4.0.2.jar:/Users/rafaelcosta/.m2/repository/jakarta/activation/jakarta.activation-api/2.1.3/jakarta.activation-api-2.1.3.jar:/Users/rafaelcosta/.m2/repository/net/minidev/json-smart/2.5.1/json-smart-2.5.1.jar:/Users/rafaelcosta/.m2/repository/net/minidev/accessors-smart/2.5.1/accessors-smart-2.5.1.jar:/Users/rafaelcosta/.m2/repository/org/ow2/asm/asm/9.6/asm-9.6.jar:/Users/rafaelcosta/.m2/repository/org/assertj/assertj-core/3.26.3/assertj-core-3.26.3.jar:/Users/rafaelcosta/.m2/repository/org/awaitility/awaitility/4.2.2/awaitility-4.2.2.jar:/Users/rafaelcosta/.m2/repository/org/hamcrest/hamcrest/2.2/hamcrest-2.2.jar:/Users/rafaelcosta/.m2/repository/org/junit/jupiter/junit-jupiter/5.11.3/junit-jupiter-5.11.3.jar:/Users/rafaelcosta/.m2/repository/org/junit/jupiter/junit-jupiter-api/5.11.3/junit-jupiter-api-5.11.3.jar:/Users/rafaelcosta/.m2/repository/org/opentest4j/opentest4j/1.3.0/opentest4j-1.3.0.jar:/Users/rafaelcosta/.m2/repository/org/junit/platform/junit-platform-commons/1.11.3/junit-platform-commons-1.11.3.jar:/Users/rafaelcosta/.m2/repository/org/apiguardian/apiguardian-api/1.1.2/apiguardian-api-1.1.2.jar:/Users/rafaelcosta/.m2/repository/org/junit/jupiter/junit-jupiter-params/5.11.3/junit-jupiter-params-5.11.3.jar:/Users/rafaelcosta/.m2/repository/org/junit/jupiter/junit-jupiter-engine/5.11.3/junit-jupiter-engine-5.11.3.jar:/Users/rafaelcosta/.m2/repository/org/junit/platform/junit-platform-engine/1.11.3/junit-platform-engine-1.11.3.jar:/Users/rafaelcosta/.m2/repository/org/mockito/mockito-core/5.14.2/mockito-core-5.14.2.jar:/Users/rafaelcosta/.m2/repository/net/bytebuddy/byte-buddy-agent/1.15.10/byte-buddy-agent-1.15.10.jar:/Users/rafaelcosta/.m2/repository/org/objenesis/objenesis/3.3/objenesis-3.3.jar:/Users/rafaelcosta/.m2/repository/org/mockito/mockito-junit-jupiter/5.14.2/mockito-junit-jupiter-5.14.2.jar:/Users/rafaelcosta/.m2/repository/org/skyscreamer/jsonassert/1.5.3/jsonassert-1.5.3.jar:/Users/rafaelcosta/.m2/repository/com/vaadin/external/google/android-json/0.0.20131108.vaadin1/android-json-0.0.20131108.vaadin1.jar:/Users/rafaelcosta/.m2/repository/org/springframework/spring-core/6.2.0/spring-core-6.2.0.jar:/Users/rafaelcosta/.m2/repository/org/springframework/spring-jcl/6.2.0/spring-jcl-6.2.0.jar:/Users/rafaelcosta/.m2/repository/org/springframework/spring-test/6.2.0/spring-test-6.2.0.jar:/Users/rafaelcosta/.m2/repository/org/xmlunit/xmlunit-core/2.10.0/xmlunit-core-2.10.0.jar:"/>
    <property name="sun.cpu.endian" value="little"/>
    <property name="user.home" value="/Users/rafaelcosta"/>
    <property name="user.language" value="pt"/>
    <property name="java.specification.vendor" value="Oracle Corporation"/>
    <property name="java.version.date" value="2023-10-17"/>
    <property name="java.home" value="/Library/Java/JavaVirtualMachines/jdk-21.jdk/Contents/Home"/>
    <property name="file.separator" value="/"/>
    <property name="basedir" value="/Users/rafaelcosta/development/java/cursospring 2"/>
    <property name="java.vm.compressedOopsMode" value="Zero based"/>
    <property name="line.separator" value="&#10;"/>
    <property name="java.vm.specification.vendor" value="Oracle Corporation"/>
    <property name="java.specification.name" value="Java Platform API Specification"/>
    <property name="FILE_LOG_CHARSET" value="UTF-8"/>
    <property name="java.awt.headless" value="true"/>
    <property name="apple.awt.application.name" value="ForkedBooter"/>
    <property name="surefire.real.class.path" value="/Users/rafaelcosta/development/java/cursospring 2/target/surefire/surefirebooter-20241202133923981_3.jar"/>
    <property name="sun.management.compiler" value="HotSpot 64-Bit Tiered Compilers"/>
    <property name="ftp.nonProxyHosts" value="local|*.local|169.254/16|*.169.254/16"/>
    <property name="java.runtime.version" value="21.0.1+12-LTS-29"/>
    <property name="user.name" value="rafaelcosta"/>
    <property name="stdout.encoding" value="UTF-8"/>
    <property name="path.separator" value=":"/>
    <property name="os.version" value="15.0.1"/>
    <property name="java.runtime.name" value="Java(TM) SE Runtime Environment"/>
    <property name="file.encoding" value="UTF-8"/>
    <property name="java.vm.name" value="Java HotSpot(TM) 64-Bit Server VM"/>
    <property name="localRepository" value="/Users/rafaelcosta/.m2/repository"/>
    <property name="java.vendor.url.bug" value="https://bugreport.java.com/bugreport/"/>
    <property name="java.io.tmpdir" value="/var/folders/h3/trzxtcv96t75dg9mzv0c_w600000gn/T/"/>
    <property name="com.zaxxer.hikari.pool_number" value="1"/>
    <property name="java.version" value="21.0.1"/>
    <property name="user.dir" value="/Users/rafaelcosta/development/java/cursospring 2"/>
    <property name="os.arch" value="aarch64"/>
    <property name="java.vm.specification.name" value="Java Virtual Machine Specification"/>
    <property name="PID" value="97459"/>
    <property name="CONSOLE_LOG_CHARSET" value="UTF-8"/>
    <property name="native.encoding" value="UTF-8"/>
    <property name="java.library.path" value="/Users/rafaelcosta/Library/Java/Extensions:/Library/Java/Extensions:/Network/Library/Java/Extensions:/System/Library/Java/Extensions:/usr/lib/java:."/>
    <property name="java.vm.info" value="mixed mode, sharing"/>
    <property name="stderr.encoding" value="UTF-8"/>
    <property name="java.vendor" value="Oracle Corporation"/>
    <property name="java.vm.version" value="21.0.1+12-LTS-29"/>
    <property name="sun.io.unicode.encoding" value="UnicodeBig"/>
    <property name="socksNonProxyHosts" value="local|*.local|169.254/16|*.169.254/16"/>
    <property name="java.class.version" value="65.0"/>
  </properties>
  <testcase name="contextLoads" classname="com.jphscdeveloper.cursospring.CursospringApplicationTests" time="0.384">
    <system-out><![CDATA[13:39:24.503 [main] INFO org.springframework.test.context.support.AnnotationConfigContextLoaderUtils -- Could not detect default configuration classes for test class [com.jphscdeveloper.cursospring.CursospringApplicationTests]: CursospringApplicationTests does not declare any static, non-private, non-final, nested classes annotated with @Configuration.
13:39:24.570 [main] INFO org.springframework.boot.test.context.SpringBootTestContextBootstrapper -- Found @SpringBootConfiguration com.jphscdeveloper.cursospring.CursospringApplication for test class com.jphscdeveloper.cursospring.CursospringApplicationTests

  .   ____          _            __ _ _
 /\\ / ___'_ __ _ _(_)_ __  __ _ \ \ \ \
( ( )\___ | '_ | '_| | '_ \/ _` | \ \ \ \
 \\/  ___)| |_)| | | | | || (_| |  ) ) ) )
  '  |____| .__|_| |_|_| |_\__, | / / / /
 =========|_|==============|___/=/_/_/_/

 :: Spring Boot ::                (v3.4.0)

2024-12-02T13:39:24.806-03:00  INFO 97459 --- [           main] c.j.c.CursospringApplicationTests        : Starting CursospringApplicationTests using Java 21.0.1 with PID 97459 (started by rafaelcosta in /Users/rafaelcosta/development/java/cursospring 2)
2024-12-02T13:39:24.807-03:00  INFO 97459 --- [           main] c.j.c.CursospringApplicationTests        : The following 1 profile is active: "test"
2024-12-02T13:39:25.175-03:00  INFO 97459 --- [           main] .s.d.r.c.RepositoryConfigurationDelegate : Bootstrapping Spring Data JPA repositories in DEFAULT mode.
2024-12-02T13:39:25.213-03:00  INFO 97459 --- [           main] .s.d.r.c.RepositoryConfigurationDelegate : Finished Spring Data repository scanning in 31 ms. Found 5 JPA repository interfaces.
2024-12-02T13:39:25.471-03:00  INFO 97459 --- [           main] o.hibernate.jpa.internal.util.LogHelper  : HHH000204: Processing PersistenceUnitInfo [name: default]
2024-12-02T13:39:25.508-03:00  INFO 97459 --- [           main] org.hibernate.Version                    : HHH000412: Hibernate ORM core version 6.6.2.Final
2024-12-02T13:39:25.528-03:00  INFO 97459 --- [           main] o.h.c.internal.RegionFactoryInitiator    : HHH000026: Second-level cache disabled
2024-12-02T13:39:25.710-03:00  INFO 97459 --- [           main] o.s.o.j.p.SpringPersistenceUnitInfo      : No LoadTimeWeaver setup: ignoring JPA class transformer
2024-12-02T13:39:25.731-03:00  INFO 97459 --- [           main] com.zaxxer.hikari.HikariDataSource       : HikariPool-1 - Starting...
2024-12-02T13:39:25.851-03:00  INFO 97459 --- [           main] com.zaxxer.hikari.pool.HikariPool        : HikariPool-1 - Added connection conn0: url=jdbc:h2:mem:testdb user=SA
2024-12-02T13:39:25.852-03:00  INFO 97459 --- [           main] com.zaxxer.hikari.HikariDataSource       : HikariPool-1 - Start completed.
2024-12-02T13:39:25.868-03:00  WARN 97459 --- [           main] org.hibernate.orm.deprecation            : HHH90000025: H2Dialect does not need to be specified explicitly using 'hibernate.dialect' (remove the property setting and it will be selected by default)
2024-12-02T13:39:25.880-03:00  INFO 97459 --- [           main] org.hibernate.orm.connections.pooling    : HHH10001005: Database info:
	Database JDBC URL [Connecting through datasource 'HikariDataSource (HikariPool-1)']
	Database driver: undefined/unknown
	Database version: 2.3.232
	Autocommit mode: undefined/unknown
	Isolation level: undefined/unknown
	Minimum pool size: undefined/unknown
	Maximum pool size: undefined/unknown
2024-12-02T13:39:26.482-03:00  INFO 97459 --- [           main] o.h.e.t.j.p.i.JtaPlatformInitiator       : HHH000489: No JTA platform available (set 'hibernate.transaction.jta.platform' to enable JTA platform integration)
Hibernate: 
    drop table if exists tb_category cascade 
Hibernate: 
    drop table if exists tb_order cascade 
Hibernate: 
    drop table if exists tb_order_item cascade 
Hibernate: 
    drop table if exists tb_payment cascade 
Hibernate: 
    drop table if exists tb_product cascade 
Hibernate: 
    drop table if exists tb_product_category cascade 
Hibernate: 
    drop table if exists tb_user cascade 
Hibernate: 
    create table tb_category (
        category_id integer generated by default as identity,
        category_name varchar(255),
        primary key (category_id)
    )
Hibernate: 
    create table tb_order (
        client_id integer,
        order_id integer generated by default as identity,
        order_status integer,
        order_moment timestamp(6) with time zone,
        primary key (order_id)
    )
Hibernate: 
    create table tb_order_item (
        order_id integer not null,
        price float(53),
        product_id integer not null,
        quantity integer,
        primary key (order_id, product_id)
    )
Hibernate: 
    create table tb_payment (
        pay_order_id integer not null,
        payment_moment timestamp(6) with time zone,
        primary key (pay_order_id)
    )
Hibernate: 
    create table tb_product (
        product_id integer generated by default as identity,
        product_price float(53),
        product_description varchar(50),
        product_name varchar(50),
        product_img_url varchar(255),
        primary key (product_id)
    )
Hibernate: 
    create table tb_product_category (
        ccategory_id integer not null,
        pproduct_id integer not null,
        primary key (ccategory_id, pproduct_id)
    )
Hibernate: 
    create table tb_user (
        user_id integer generated by default as identity,
        user_email varchar(255),
        user_name varchar(255),
        user_password varchar(255),
        user_phone varchar(255),
        primary key (user_id)
    )
Hibernate: 
    alter table if exists tb_order 
       add constraint fk_order_user_01 
       foreign key (client_id) 
       references tb_user
Hibernate: 
    alter table if exists tb_order_item 
       add constraint fk_orderitem_product_01 
       foreign key (product_id) 
       references tb_product
Hibernate: 
    alter table if exists tb_order_item 
       add constraint fk_orderitem_order_01 
       foreign key (order_id) 
       references tb_order
Hibernate: 
    alter table if exists tb_payment 
       add constraint fk_payment_order_01 
       foreign key (pay_order_id) 
       references tb_order
Hibernate: 
    alter table if exists tb_product_category 
       add constraint fk_productcategory_category_01 
       foreign key (ccategory_id) 
       references tb_category
Hibernate: 
    alter table if exists tb_product_category 
       add constraint fk_productcategory_product_01 
       foreign key (pproduct_id) 
       references tb_product
2024-12-02T13:39:26.520-03:00  INFO 97459 --- [           main] j.LocalContainerEntityManagerFactoryBean : Initialized JPA EntityManagerFactory for persistence unit 'default'
2024-12-02T13:39:26.962-03:00  INFO 97459 --- [           main] o.s.b.a.h2.H2ConsoleAutoConfiguration    : H2 console available at '/h2-console'. Database available at 'jdbc:h2:mem:testdb'
2024-12-02T13:39:27.002-03:00  INFO 97459 --- [           main] c.j.c.CursospringApplicationTests        : Started CursospringApplicationTests in 2.349 seconds (process running for 2.943)
Hibernate: 
    insert 
    into
        tb_user
        (user_email, user_name, user_password, user_phone, user_id) 
    values
        (?, ?, ?, ?, default)
Hibernate: 
    insert 
    into
        tb_user
        (user_email, user_name, user_password, user_phone, user_id) 
    values
        (?, ?, ?, ?, default)
Hibernate: 
    insert 
    into
        tb_order
        (client_id, order_moment, order_status, order_id) 
    values
        (?, ?, ?, default)
Hibernate: 
    insert 
    into
        tb_order
        (client_id, order_moment, order_status, order_id) 
    values
        (?, ?, ?, default)
Hibernate: 
    insert 
    into
        tb_order
        (client_id, order_moment, order_status, order_id) 
    values
        (?, ?, ?, default)
Hibernate: 
    insert 
    into
        tb_category
        (category_name, category_id) 
    values
        (?, default)
Hibernate: 
    insert 
    into
        tb_category
        (category_name, category_id) 
    values
        (?, default)
Hibernate: 
    insert 
    into
        tb_category
        (category_name, category_id) 
    values
        (?, default)
Hibernate: 
    insert 
    into
        tb_product
        (product_description, product_img_url, product_name, product_price, product_id) 
    values
        (?, ?, ?, ?, default)
Hibernate: 
    insert 
    into
        tb_product
        (product_description, product_img_url, product_name, product_price, product_id) 
    values
        (?, ?, ?, ?, default)
Hibernate: 
    insert 
    into
        tb_product
        (product_description, product_img_url, product_name, product_price, product_id) 
    values
        (?, ?, ?, ?, default)
Hibernate: 
    insert 
    into
        tb_product
        (product_description, product_img_url, product_name, product_price, product_id) 
    values
        (?, ?, ?, ?, default)
Hibernate: 
    insert 
    into
        tb_product
        (product_description, product_img_url, product_name, product_price, product_id) 
    values
        (?, ?, ?, ?, default)
Hibernate: 
    insert 
    into
        tb_product_category
        (pproduct_id, ccategory_id) 
    values
        (?, ?)
Hibernate: 
    insert 
    into
        tb_product_category
        (pproduct_id, ccategory_id) 
    values
        (?, ?)
Hibernate: 
    insert 
    into
        tb_product_category
        (pproduct_id, ccategory_id) 
    values
        (?, ?)
Hibernate: 
    insert 
    into
        tb_product_category
        (pproduct_id, ccategory_id) 
    values
        (?, ?)
Hibernate: 
    insert 
    into
        tb_product_category
        (pproduct_id, ccategory_id) 
    values
        (?, ?)
Hibernate: 
    select
        oi1_0.order_id,
        o1_0.order_id,
        c1_0.user_id,
        c1_0.user_email,
        c1_0.user_name,
        c1_0.user_password,
        c1_0.user_phone,
        o1_0.order_moment,
        o1_0.order_status,
        p1_0.pay_order_id,
        p1_0.payment_moment,
        oi1_0.product_id,
        p2_0.product_id,
        p2_0.product_description,
        p2_0.product_img_url,
        p2_0.product_name,
        p2_0.product_price,
        oi1_0.price,
        oi1_0.quantity 
    from
        tb_order_item oi1_0 
    left join
        tb_order o1_0 
            on o1_0.order_id=oi1_0.order_id 
    left join
        tb_user c1_0 
            on c1_0.user_id=o1_0.client_id 
    left join
        tb_payment p1_0 
            on o1_0.order_id=p1_0.pay_order_id 
    left join
        tb_product p2_0 
            on p2_0.product_id=oi1_0.product_id 
    where
        (
            oi1_0.order_id, oi1_0.product_id
        ) in ((?, ?))
Hibernate: 
    select
        oi1_0.order_id,
        o1_0.order_id,
        c1_0.user_id,
        c1_0.user_email,
        c1_0.user_name,
        c1_0.user_password,
        c1_0.user_phone,
        o1_0.order_moment,
        o1_0.order_status,
        p1_0.pay_order_id,
        p1_0.payment_moment,
        oi1_0.product_id,
        p2_0.product_id,
        p2_0.product_description,
        p2_0.product_img_url,
        p2_0.product_name,
        p2_0.product_price,
        oi1_0.price,
        oi1_0.quantity 
    from
        tb_order_item oi1_0 
    left join
        tb_order o1_0 
            on o1_0.order_id=oi1_0.order_id 
    left join
        tb_user c1_0 
            on c1_0.user_id=o1_0.client_id 
    left join
        tb_payment p1_0 
            on o1_0.order_id=p1_0.pay_order_id 
    left join
        tb_product p2_0 
            on p2_0.product_id=oi1_0.product_id 
    where
        (
            oi1_0.order_id, oi1_0.product_id
        ) in ((?, ?))
Hibernate: 
    select
        oi1_0.order_id,
        o1_0.order_id,
        c1_0.user_id,
        c1_0.user_email,
        c1_0.user_name,
        c1_0.user_password,
        c1_0.user_phone,
        o1_0.order_moment,
        o1_0.order_status,
        p1_0.pay_order_id,
        p1_0.payment_moment,
        oi1_0.product_id,
        p2_0.product_id,
        p2_0.product_description,
        p2_0.product_img_url,
        p2_0.product_name,
        p2_0.product_price,
        oi1_0.price,
        oi1_0.quantity 
    from
        tb_order_item oi1_0 
    left join
        tb_order o1_0 
            on o1_0.order_id=oi1_0.order_id 
    left join
        tb_user c1_0 
            on c1_0.user_id=o1_0.client_id 
    left join
        tb_payment p1_0 
            on o1_0.order_id=p1_0.pay_order_id 
    left join
        tb_product p2_0 
            on p2_0.product_id=oi1_0.product_id 
    where
        (
            oi1_0.order_id, oi1_0.product_id
        ) in ((?, ?))
Hibernate: 
    select
        oi1_0.order_id,
        o1_0.order_id,
        c1_0.user_id,
        c1_0.user_email,
        c1_0.user_name,
        c1_0.user_password,
        c1_0.user_phone,
        o1_0.order_moment,
        o1_0.order_status,
        p1_0.pay_order_id,
        p1_0.payment_moment,
        oi1_0.product_id,
        p2_0.product_id,
        p2_0.product_description,
        p2_0.product_img_url,
        p2_0.product_name,
        p2_0.product_price,
        oi1_0.price,
        oi1_0.quantity 
    from
        tb_order_item oi1_0 
    left join
        tb_order o1_0 
            on o1_0.order_id=oi1_0.order_id 
    left join
        tb_user c1_0 
            on c1_0.user_id=o1_0.client_id 
    left join
        tb_payment p1_0 
            on o1_0.order_id=p1_0.pay_order_id 
    left join
        tb_product p2_0 
            on p2_0.product_id=oi1_0.product_id 
    where
        (
            oi1_0.order_id, oi1_0.product_id
        ) in ((?, ?))
Hibernate: 
    insert 
    into
        tb_order_item
        (price, quantity, order_id, product_id) 
    values
        (?, ?, ?, ?)
Hibernate: 
    insert 
    into
        tb_order_item
        (price, quantity, order_id, product_id) 
    values
        (?, ?, ?, ?)
Hibernate: 
    insert 
    into
        tb_order_item
        (price, quantity, order_id, product_id) 
    values
        (?, ?, ?, ?)
Hibernate: 
    insert 
    into
        tb_order_item
        (price, quantity, order_id, product_id) 
    values
        (?, ?, ?, ?)
Hibernate: 
    select
        o1_0.order_id,
        c1_0.user_id,
        c1_0.user_email,
        c1_0.user_name,
        c1_0.user_password,
        c1_0.user_phone,
        o1_0.order_moment,
        o1_0.order_status,
        p1_0.pay_order_id,
        p1_0.payment_moment 
    from
        tb_order o1_0 
    left join
        tb_user c1_0 
            on c1_0.user_id=o1_0.client_id 
    left join
        tb_payment p1_0 
            on o1_0.order_id=p1_0.pay_order_id 
    where
        o1_0.order_id=?
Hibernate: 
    insert 
    into
        tb_payment
        (payment_moment, pay_order_id) 
    values
        (?, ?)
]]></system-out>
    <system-err><![CDATA[Mockito is currently self-attaching to enable the inline-mock-maker. This will no longer work in future releases of the JDK. Please add Mockito as an agent to your build what is described in Mockito's documentation: https://javadoc.io/doc/org.mockito/mockito-core/latest/org/mockito/Mockito.html#0.3
WARNING: A Java agent has been loaded dynamically (/Users/rafaelcosta/.m2/repository/net/bytebuddy/byte-buddy-agent/1.15.10/byte-buddy-agent-1.15.10.jar)
WARNING: If a serviceability tool is in use, please run with -XX:+EnableDynamicAgentLoading to hide this warning
WARNING: If a serviceability tool is not in use, please run with -Djdk.instrument.traceUsage for more information
WARNING: Dynamic loading of agents will be disallowed by default in a future release
]]></system-err>
  </testcase>
</testsuite>